<?xml version="1.0" encoding="UTF-8"?>
<!-- Generated by org.testng.reporters.JUnitReportReporter -->
<testsuite hostname="Bishnus-MBP.fios-router.home" failures="0" tests="1" name="com.hrms.testcases.LoginPageValidation" time="9.913" errors="0" timestamp="2020-05-30T14:38:54 EDT" skipped="0">
  <testcase classname="com.hrms.testcases.LoginPageValidation" name="validAdminLogin" time="9.913"/>
  <system-out/>
</testsuite> <!-- com.hrms.testcases.LoginPageValidation -->
