<?xml version="1.0" encoding="UTF-8"?>
<!-- Generated by org.testng.reporters.JUnitReportReporter -->
<testsuite hostname="Bishnus-MBP.fios-router.home" failures="0" tests="1" name="com.hrms.testcases.DashBoardPageValidationTest" time="16.326" errors="0" timestamp="2020-05-30T14:38:54 EDT" skipped="0">
  <testcase classname="com.hrms.testcases.DashBoardPageValidationTest" name="dashBoardValidation" time="16.326"/>
  <system-out/>
</testsuite> <!-- com.hrms.testcases.DashBoardPageValidationTest -->
